<?xml version="1.0" encoding="UTF-8"?>
<testsuite xmlns:xsi="http://www.w3.org/2001/XMLSchema-instance" xsi:noNamespaceSchemaLocation="https://maven.apache.org/surefire/maven-surefire-plugin/xsd/surefire-test-report-3.0.xsd" version="3.0" name="praktikum.BurgerTest" time="0.063" tests="8" errors="0" skipped="0" failures="0">
  <properties>
[...]
</properties>
  <testcase name="testGetPrice" classname="praktikum.BurgerTest" time="0.023"/>
  <testcase name="testMoveIngredientChangesSecondElement" classname="praktikum.BurgerTest" time="0.004"/>
  <testcase name="testRemoveIngredient" classname="praktikum.BurgerTest" time="0.004"/>
  <testcase name="testAddIngredientIncreasesListSize" classname="praktikum.BurgerTest" time="0.004"/>
  <testcase name="testAddIngredientStoresCorrectIngredient" classname="praktikum.BurgerTest" time="0.003"/>
  <testcase name="testMoveIngredientChangesFirstElement" classname="praktikum.BurgerTest" time="0.004"/>
  <testcase name="testGetReceipt" classname="praktikum.BurgerTest" time="0.007"/>
  <testcase name="testSetBuns" classname="praktikum.BurgerTest" time="0.003"/>
</testsuite>